<?xml version="1.0" encoding="UTF-8"?>
<testsuite name="BouncyMapTests" tests="6" skipped="0" failures="0" errors="0" timestamp="2023-01-23T22:36:15" hostname="DESKTOP-ECV9H3P" time="0.119">
  <properties/>
  <testcase name="No animals" classname="BouncyMapTests" time="0.005"/>
  <testcase name="Single animal" classname="BouncyMapTests" time="0.002"/>
  <testcase name="Two animals at the same position" classname="BouncyMapTests" time="0.09"/>
  <testcase name="Animal substitution and updating position" classname="BouncyMapTests" time="0.002"/>
  <testcase name="Animal out of bounds" classname="BouncyMapTests" time="0.001"/>
  <testcase name="Animal's position" classname="BouncyMapTests" time="0.001"/>
  <system-out><![CDATA[]]></system-out>
  <system-err><![CDATA[]]></system-err>
</testsuite>
